2020-07-01 04:17:42.111 | INFO     | __main__:main:92 - Writing logs to /Users/saim/github/supplementary/~/tmp/populate_db.1593557262.107726.38272.log
2020-07-01 04:17:42.116 | INFO     | parse_results:parse_pdf:97 - Parsing /Users/saim/github/supplementary/dtu_results_all/Con_MBA2K11_209.pdf
2020-07-01 04:17:45.209 | INFO     | parse_results:parse_pdf:102 - Took 3.0924523850000014 to parse /Users/saim/github/supplementary/dtu_results_all/Con_MBA2K11_209.pdf
2020-07-01 04:17:45.209 | INFO     | parse_results:parse_pdf:104 - Found 3 pages in /Users/saim/github/supplementary/dtu_results_all/Con_MBA2K11_209.pdf
2020-07-01 04:17:45.210 | ERROR    | __main__:parse_and_populate_db:28 - /Users/saim/github/supplementary/dtu_results_all/Con_MBA2K11_209.pdf: Failed to parse: KeyError('name')
2020-07-01 04:17:45.211 | INFO     | parse_results:parse_pdf:97 - Parsing /Users/saim/github/supplementary/dtu_results_all/DIS_BT_656_657.pdf
2020-07-01 04:17:48.095 | INFO     | parse_results:parse_pdf:102 - Took 2.8843224360000015 to parse /Users/saim/github/supplementary/dtu_results_all/DIS_BT_656_657.pdf
2020-07-01 04:17:48.096 | INFO     | parse_results:parse_pdf:104 - Found 2 pages in /Users/saim/github/supplementary/dtu_results_all/DIS_BT_656_657.pdf
2020-07-01 04:17:48.104 | INFO     | parse_results:parse_pdf:109 - Parsed /Users/saim/github/supplementary/dtu_results_all/DIS_BT_656_657.pdf
2020-07-01 04:17:48.104 | INFO     | __main__:parse_and_populate_db:26 - /Users/saim/github/supplementary/dtu_results_all/DIS_BT_656_657.pdf: Parsing OK
2020-07-01 04:17:48.108 | INFO     | __main__:parse_and_populate_db:34 - /Users/saim/github/supplementary/dtu_results_all/DIS_BT_656_657.pdf: Inserted to DB
2020-07-01 04:17:48.111 | INFO     | __main__:parse_and_populate_db:34 - /Users/saim/github/supplementary/dtu_results_all/DIS_BT_656_657.pdf: Inserted to DB
2020-07-01 04:17:48.111 | INFO     | parse_results:parse_pdf:97 - Parsing /Users/saim/github/supplementary/dtu_results_all/CON_BT_681.pdf
2020-07-01 04:18:01.022 | INFO     | parse_results:parse_pdf:102 - Took 12.910501195000002 to parse /Users/saim/github/supplementary/dtu_results_all/CON_BT_681.pdf
2020-07-01 04:18:01.022 | INFO     | parse_results:parse_pdf:104 - Found 38 pages in /Users/saim/github/supplementary/dtu_results_all/CON_BT_681.pdf
2020-07-01 04:18:01.023 | ERROR    | __main__:parse_and_populate_db:28 - /Users/saim/github/supplementary/dtu_results_all/CON_BT_681.pdf: Failed to parse: KeyError('name')
2020-07-01 04:18:01.024 | INFO     | parse_results:parse_pdf:97 - Parsing /Users/saim/github/supplementary/dtu_results_all/E15_BT_DIS_VI_VIII_428.pdf
2020-07-01 04:18:04.615 | INFO     | parse_results:parse_pdf:102 - Took 3.5907331000000013 to parse /Users/saim/github/supplementary/dtu_results_all/E15_BT_DIS_VI_VIII_428.pdf
2020-07-01 04:18:04.615 | INFO     | parse_results:parse_pdf:104 - Found 3 pages in /Users/saim/github/supplementary/dtu_results_all/E15_BT_DIS_VI_VIII_428.pdf
2020-07-01 04:18:04.619 | ERROR    | __main__:parse_and_populate_db:28 - /Users/saim/github/supplementary/dtu_results_all/E15_BT_DIS_VI_VIII_428.pdf: Failed to parse: KeyError('name')
2020-07-01 04:18:04.619 | INFO     | parse_results:parse_pdf:97 - Parsing /Users/saim/github/supplementary/dtu_results_all/O17_REV_BTPT_1_756.pdf
2020-07-01 04:18:06.822 | INFO     | parse_results:parse_pdf:102 - Took 2.202094759000005 to parse /Users/saim/github/supplementary/dtu_results_all/O17_REV_BTPT_1_756.pdf
2020-07-01 04:18:06.822 | INFO     | parse_results:parse_pdf:104 - Found 0 pages in /Users/saim/github/supplementary/dtu_results_all/O17_REV_BTPT_1_756.pdf
2020-07-01 04:18:06.823 | INFO     | parse_results:parse_pdf:109 - Parsed /Users/saim/github/supplementary/dtu_results_all/O17_REV_BTPT_1_756.pdf
2020-07-01 04:18:06.823 | INFO     | __main__:parse_and_populate_db:26 - /Users/saim/github/supplementary/dtu_results_all/O17_REV_BTPT_1_756.pdf: Parsing OK
2020-07-01 04:18:06.823 | INFO     | parse_results:parse_pdf:97 - Parsing /Users/saim/github/supplementary/dtu_results_all/o14_BTPT_Bac_349.pdf
2020-07-01 04:18:16.053 | INFO     | parse_results:parse_pdf:102 - Took 9.229733494999998 to parse /Users/saim/github/supplementary/dtu_results_all/o14_BTPT_Bac_349.pdf
2020-07-01 04:18:16.054 | INFO     | parse_results:parse_pdf:104 - Found 34 pages in /Users/saim/github/supplementary/dtu_results_all/o14_BTPT_Bac_349.pdf
2020-07-01 04:18:16.055 | ERROR    | __main__:parse_and_populate_db:28 - /Users/saim/github/supplementary/dtu_results_all/o14_BTPT_Bac_349.pdf: Failed to parse: KeyError('name')
2020-07-01 04:18:16.056 | INFO     | parse_results:parse_pdf:97 - Parsing /Users/saim/github/supplementary/dtu_results_all/O11-MT-1&3-REV-78.pdf
2020-07-01 04:18:18.570 | INFO     | parse_results:parse_pdf:102 - Took 2.5138861070000047 to parse /Users/saim/github/supplementary/dtu_results_all/O11-MT-1&3-REV-78.pdf
2020-07-01 04:18:18.570 | INFO     | parse_results:parse_pdf:104 - Found 0 pages in /Users/saim/github/supplementary/dtu_results_all/O11-MT-1&3-REV-78.pdf
2020-07-01 04:18:18.571 | INFO     | parse_results:parse_pdf:109 - Parsed /Users/saim/github/supplementary/dtu_results_all/O11-MT-1&3-REV-78.pdf
2020-07-01 04:18:18.571 | INFO     | __main__:parse_and_populate_db:26 - /Users/saim/github/supplementary/dtu_results_all/O11-MT-1&3-REV-78.pdf: Parsing OK
2020-07-01 04:18:18.571 | INFO     | parse_results:parse_pdf:97 - Parsing /Users/saim/github/supplementary/dtu_results_all/PHD_17-22.pdf
2020-07-01 04:18:23.969 | INFO     | parse_results:parse_pdf:102 - Took 5.398158845000005 to parse /Users/saim/github/supplementary/dtu_results_all/PHD_17-22.pdf
2020-07-01 04:18:23.970 | INFO     | parse_results:parse_pdf:104 - Found 0 pages in /Users/saim/github/supplementary/dtu_results_all/PHD_17-22.pdf
2020-07-01 04:18:23.970 | INFO     | parse_results:parse_pdf:109 - Parsed /Users/saim/github/supplementary/dtu_results_all/PHD_17-22.pdf
2020-07-01 04:18:23.970 | INFO     | __main__:parse_and_populate_db:26 - /Users/saim/github/supplementary/dtu_results_all/PHD_17-22.pdf: Parsing OK
2020-07-01 04:18:23.971 | INFO     | parse_results:parse_pdf:97 - Parsing /Users/saim/github/supplementary/dtu_results_all/CON_SUP_DIS_558.pdf
2020-07-01 04:18:35.055 | INFO     | parse_results:parse_pdf:102 - Took 11.084565107999993 to parse /Users/saim/github/supplementary/dtu_results_all/CON_SUP_DIS_558.pdf
2020-07-01 04:18:35.056 | INFO     | parse_results:parse_pdf:104 - Found 24 pages in /Users/saim/github/supplementary/dtu_results_all/CON_SUP_DIS_558.pdf
2020-07-01 04:18:35.056 | ERROR    | __main__:parse_and_populate_db:28 - /Users/saim/github/supplementary/dtu_results_all/CON_SUP_DIS_558.pdf: Failed to parse: KeyError('name')
2020-07-01 04:18:35.057 | INFO     | parse_results:parse_pdf:97 - Parsing /Users/saim/github/supplementary/dtu_results_all/EO14_MT_Conso_375.pdf
2020-07-01 04:18:37.265 | INFO     | parse_results:parse_pdf:102 - Took 2.2080706969999966 to parse /Users/saim/github/supplementary/dtu_results_all/EO14_MT_Conso_375.pdf
2020-07-01 04:18:37.265 | INFO     | parse_results:parse_pdf:104 - Found 11 pages in /Users/saim/github/supplementary/dtu_results_all/EO14_MT_Conso_375.pdf
2020-07-01 04:18:37.266 | ERROR    | __main__:parse_and_populate_db:28 - /Users/saim/github/supplementary/dtu_results_all/EO14_MT_Conso_375.pdf: Failed to parse: KeyError('name')
2020-07-01 04:18:37.267 | INFO     | parse_results:parse_pdf:97 - Parsing /Users/saim/github/supplementary/dtu_results_all/DIS_BTECH_840.pdf
2020-07-01 04:18:39.925 | INFO     | parse_results:parse_pdf:102 - Took 2.6581249919999976 to parse /Users/saim/github/supplementary/dtu_results_all/DIS_BTECH_840.pdf
2020-07-01 04:18:39.926 | INFO     | parse_results:parse_pdf:104 - Found 0 pages in /Users/saim/github/supplementary/dtu_results_all/DIS_BTECH_840.pdf
2020-07-01 04:18:39.926 | INFO     | parse_results:parse_pdf:109 - Parsed /Users/saim/github/supplementary/dtu_results_all/DIS_BTECH_840.pdf
2020-07-01 04:18:39.926 | INFO     | __main__:parse_and_populate_db:26 - /Users/saim/github/supplementary/dtu_results_all/DIS_BTECH_840.pdf: Parsing OK
2020-07-01 04:18:39.927 | INFO     | parse_results:parse_pdf:97 - Parsing /Users/saim/github/supplementary/dtu_results_all/MTECH_Conso_FT_302.pdf
2020-07-01 04:18:41.370 | INFO     | parse_results:parse_pdf:102 - Took 1.4427165350000024 to parse /Users/saim/github/supplementary/dtu_results_all/MTECH_Conso_FT_302.pdf
2020-07-01 04:18:41.370 | INFO     | parse_results:parse_pdf:104 - Found 12 pages in /Users/saim/github/supplementary/dtu_results_all/MTECH_Conso_FT_302.pdf
2020-07-01 04:18:41.371 | ERROR    | __main__:parse_and_populate_db:28 - /Users/saim/github/supplementary/dtu_results_all/MTECH_Conso_FT_302.pdf: Failed to parse: KeyError('name')
2020-07-01 04:18:41.371 | INFO     | parse_results:parse_pdf:97 - Parsing /Users/saim/github/supplementary/dtu_results_all/E15_MT_II_401.pdf
2020-07-01 04:18:44.880 | INFO     | parse_results:parse_pdf:102 - Took 3.5087613609999977 to parse /Users/saim/github/supplementary/dtu_results_all/E15_MT_II_401.pdf
2020-07-01 04:18:44.881 | INFO     | parse_results:parse_pdf:104 - Found 5 pages in /Users/saim/github/supplementary/dtu_results_all/E15_MT_II_401.pdf
2020-07-01 04:18:44.888 | ERROR    | __main__:parse_and_populate_db:28 - /Users/saim/github/supplementary/dtu_results_all/E15_MT_II_401.pdf: Failed to parse: KeyError('name')
2020-07-01 04:18:44.888 | INFO     | parse_results:parse_pdf:97 - Parsing /Users/saim/github/supplementary/dtu_results_all/O15_BTPT_485.pdf
2020-07-01 04:18:57.188 | INFO     | parse_results:parse_pdf:102 - Took 12.299162381999992 to parse /Users/saim/github/supplementary/dtu_results_all/O15_BTPT_485.pdf
2020-07-01 04:18:57.188 | INFO     | parse_results:parse_pdf:104 - Found 50 pages in /Users/saim/github/supplementary/dtu_results_all/O15_BTPT_485.pdf
2020-07-01 04:18:57.189 | ERROR    | __main__:parse_and_populate_db:28 - /Users/saim/github/supplementary/dtu_results_all/O15_BTPT_485.pdf: Failed to parse: KeyError('name')
2020-07-01 04:18:57.190 | INFO     | parse_results:parse_pdf:97 - Parsing /Users/saim/github/supplementary/dtu_results_all/CON_LE_180_818.pdf
2020-07-01 04:18:58.343 | INFO     | parse_results:parse_pdf:102 - Took 1.152721034999999 to parse /Users/saim/github/supplementary/dtu_results_all/CON_LE_180_818.pdf
2020-07-01 04:18:58.343 | INFO     | parse_results:parse_pdf:104 - Found 5 pages in /Users/saim/github/supplementary/dtu_results_all/CON_LE_180_818.pdf
2020-07-01 04:18:58.344 | ERROR    | __main__:parse_and_populate_db:28 - /Users/saim/github/supplementary/dtu_results_all/CON_LE_180_818.pdf: Failed to parse: KeyError('name')
2020-07-01 04:18:58.344 | INFO     | parse_results:parse_pdf:97 - Parsing /Users/saim/github/supplementary/dtu_results_all/REV_O16_BT_I_665.pdf
2020-07-01 04:19:00.087 | INFO     | parse_results:parse_pdf:102 - Took 1.742370999000002 to parse /Users/saim/github/supplementary/dtu_results_all/REV_O16_BT_I_665.pdf
2020-07-01 04:19:00.088 | INFO     | parse_results:parse_pdf:104 - Found 1 pages in /Users/saim/github/supplementary/dtu_results_all/REV_O16_BT_I_665.pdf
2020-07-01 04:19:00.095 | INFO     | parse_results:parse_pdf:109 - Parsed /Users/saim/github/supplementary/dtu_results_all/REV_O16_BT_I_665.pdf
2020-07-01 04:19:00.095 | INFO     | __main__:parse_and_populate_db:26 - /Users/saim/github/supplementary/dtu_results_all/REV_O16_BT_I_665.pdf: Parsing OK
2020-07-01 04:19:00.096 | ERROR    | __main__:parse_and_populate_db:36 - /Users/saim/github/supplementary/dtu_results_all/REV_O16_BT_I_665.pdf: Failed to insert a page to DB: KeyError('TC')
2020-07-01 04:20:54.384 | INFO     | __main__:main:96 - Writing logs to /Users/saim/github/supplementary/~/tmp/populate_db.1593557454.379971.38272.log
2020-07-01 04:20:54.388 | INFO     | parse_results:parse_pdf:97 - Parsing /Users/saim/github/supplementary/dtu_results_all/Con_MBA2K11_209.pdf
2020-07-01 04:20:57.142 | INFO     | parse_results:parse_pdf:102 - Took 2.7529356619999987 to parse /Users/saim/github/supplementary/dtu_results_all/Con_MBA2K11_209.pdf
2020-07-01 04:20:57.143 | INFO     | parse_results:parse_pdf:104 - Found 3 pages in /Users/saim/github/supplementary/dtu_results_all/Con_MBA2K11_209.pdf
2020-07-01 04:20:57.144 | ERROR    | __main__:parse_and_populate_db:28 - /Users/saim/github/supplementary/dtu_results_all/Con_MBA2K11_209.pdf: Failed to parse: KeyError('name')
2020-07-01 04:20:57.145 | INFO     | parse_results:parse_pdf:97 - Parsing /Users/saim/github/supplementary/dtu_results_all/DIS_BT_656_657.pdf
2020-07-01 04:21:00.206 | INFO     | parse_results:parse_pdf:102 - Took 3.061288972 to parse /Users/saim/github/supplementary/dtu_results_all/DIS_BT_656_657.pdf
2020-07-01 04:21:00.207 | INFO     | parse_results:parse_pdf:104 - Found 2 pages in /Users/saim/github/supplementary/dtu_results_all/DIS_BT_656_657.pdf
2020-07-01 04:21:00.215 | INFO     | parse_results:parse_pdf:109 - Parsed /Users/saim/github/supplementary/dtu_results_all/DIS_BT_656_657.pdf
2020-07-01 04:21:00.215 | INFO     | __main__:parse_and_populate_db:26 - /Users/saim/github/supplementary/dtu_results_all/DIS_BT_656_657.pdf: Parsing OK
2020-07-01 04:21:00.216 | ERROR    | __main__:parse_and_populate_db:36 - /Users/saim/github/supplementary/dtu_results_all/DIS_BT_656_657.pdf: Failed to insert a page to DB: UnboundLocalError("local variable 'collection_id' referenced before assignment")
